This is pdfTeX, Version 3.14159265-2.6-1.40.18 (TeX Live 2017/Debian) (preloaded format=pdflatex 2018.11.25)  14 JAN 2019 00:13
entering extended mode
 restricted \write18 enabled.
 %&-line parsing enabled.
**Report.tex
(./Report.tex
LaTeX2e <2017-04-15>
Babel <3.18> and hyphenation patterns for 3 language(s) loaded.
(./ociamthesis.cls
Document Class: ociamthesis 2010/11/22 v2.2 OCIAM thesis class
(/usr/share/texlive/texmf-dist/tex/latex/base/report.cls
Document Class: report 2014/09/29 v1.4h Standard LaTeX document class
(/usr/share/texlive/texmf-dist/tex/latex/base/size12.clo
File: size12.clo 2014/09/29 v1.4h Standard LaTeX file (size option)
)
\c@part=\count79
\c@chapter=\count80
\c@section=\count81
\c@subsection=\count82
\c@subsubsection=\count83
\c@paragraph=\count84
\c@subparagraph=\count85
\c@figure=\count86
\c@table=\count87
\abovecaptionskip=\skip41
\belowcaptionskip=\skip42
\bibindent=\dimen102
)
(/usr/share/texlive/texmf-dist/tex/latex/graphics/graphicx.sty
Package: graphicx 2017/06/01 v1.1a Enhanced LaTeX Graphics (DPC,SPQR)

(/usr/share/texlive/texmf-dist/tex/latex/graphics/keyval.sty
Package: keyval 2014/10/28 v1.15 key=value parser (DPC)
\KV@toks@=\toks14
)
(/usr/share/texlive/texmf-dist/tex/latex/graphics/graphics.sty
Package: graphics 2017/06/25 v1.2c Standard LaTeX Graphics (DPC,SPQR)

(/usr/share/texlive/texmf-dist/tex/latex/graphics/trig.sty
Package: trig 2016/01/03 v1.10 sin cos tan (DPC)
)
(/usr/share/texlive/texmf-dist/tex/latex/graphics-cfg/graphics.cfg
File: graphics.cfg 2016/06/04 v1.11 sample graphics configuration
)
Package graphics Info: Driver file: pdftex.def on input line 99.

(/usr/share/texlive/texmf-dist/tex/latex/graphics-def/pdftex.def
File: pdftex.def 2018/01/08 v1.0l Graphics/color driver for pdftex
))
\Gin@req@height=\dimen103
\Gin@req@width=\dimen104
)
(/usr/share/texlive/texmf-dist/tex/latex/base/ifthen.sty
Package: ifthen 2014/09/29 v1.1c Standard LaTeX ifthen package (DPC)
))
(/usr/share/texlive/texmf-dist/tex/latex/amsfonts/amssymb.sty
Package: amssymb 2013/01/14 v3.01 AMS font symbols

(/usr/share/texlive/texmf-dist/tex/latex/amsfonts/amsfonts.sty
Package: amsfonts 2013/01/14 v3.01 Basic AMSFonts support
\@emptytoks=\toks15
\symAMSa=\mathgroup4
\symAMSb=\mathgroup5
LaTeX Font Info:    Overwriting math alphabet `\mathfrak' in version `bold'
(Font)                  U/euf/m/n --> U/euf/b/n on input line 106.
))
(/usr/share/texlive/texmf-dist/tex/latex/amsmath/amsmath.sty
Package: amsmath 2017/09/02 v2.17a AMS math features
\@mathmargin=\skip43

For additional information on amsmath, use the `?' option.
(/usr/share/texlive/texmf-dist/tex/latex/amsmath/amstext.sty
Package: amstext 2000/06/29 v2.01 AMS text

(/usr/share/texlive/texmf-dist/tex/latex/amsmath/amsgen.sty
File: amsgen.sty 1999/11/30 v2.0 generic functions
\@emptytoks=\toks16
\ex@=\dimen105
))
(/usr/share/texlive/texmf-dist/tex/latex/amsmath/amsbsy.sty
Package: amsbsy 1999/11/29 v1.2d Bold Symbols
\pmbraise@=\dimen106
)
(/usr/share/texlive/texmf-dist/tex/latex/amsmath/amsopn.sty
Package: amsopn 2016/03/08 v2.02 operator names
)
\inf@bad=\count88
LaTeX Info: Redefining \frac on input line 213.
\uproot@=\count89
\leftroot@=\count90
LaTeX Info: Redefining \overline on input line 375.
\classnum@=\count91
\DOTSCASE@=\count92
LaTeX Info: Redefining \ldots on input line 472.
LaTeX Info: Redefining \dots on input line 475.
LaTeX Info: Redefining \cdots on input line 596.
\Mathstrutbox@=\box26
\strutbox@=\box27
\big@size=\dimen107
LaTeX Font Info:    Redeclaring font encoding OML on input line 712.
LaTeX Font Info:    Redeclaring font encoding OMS on input line 713.
\macc@depth=\count93
\c@MaxMatrixCols=\count94
\dotsspace@=\muskip10
\c@parentequation=\count95
\dspbrk@lvl=\count96
\tag@help=\toks17
\row@=\count97
\column@=\count98
\maxfields@=\count99
\andhelp@=\toks18
\eqnshift@=\dimen108
\alignsep@=\dimen109
\tagshift@=\dimen110
\tagwidth@=\dimen111
\totwidth@=\dimen112
\lineht@=\dimen113
\@envbody=\toks19
\multlinegap=\skip44
\multlinetaggap=\skip45
\mathdisplay@stack=\toks20
LaTeX Info: Redefining \[ on input line 2817.
LaTeX Info: Redefining \] on input line 2818.
) (./bbm.sty
Package: bbm 1999/03/15 V 1.2 provides fonts for set symbols - TH
LaTeX Font Info:    Overwriting math alphabet `\mathbbm' in version `bold'
(Font)                  U/bbm/m/n --> U/bbm/bx/n on input line 33.
LaTeX Font Info:    Overwriting math alphabet `\mathbbmss' in version `bold'
(Font)                  U/bbmss/m/n --> U/bbmss/bx/n on input line 35.
)
(./Report.aux)
\openout1 = `Report.aux'.

LaTeX Font Info:    Checking defaults for OML/cmm/m/it on input line 26.
LaTeX Font Info:    ... okay on input line 26.
LaTeX Font Info:    Checking defaults for T1/cmr/m/n on input line 26.
LaTeX Font Info:    ... okay on input line 26.
LaTeX Font Info:    Checking defaults for OT1/cmr/m/n on input line 26.
LaTeX Font Info:    ... okay on input line 26.
LaTeX Font Info:    Checking defaults for OMS/cmsy/m/n on input line 26.
LaTeX Font Info:    ... okay on input line 26.
LaTeX Font Info:    Checking defaults for OMX/cmex/m/n on input line 26.
LaTeX Font Info:    ... okay on input line 26.
LaTeX Font Info:    Checking defaults for U/cmr/m/n on input line 26.
LaTeX Font Info:    ... okay on input line 26.

(/usr/share/texlive/texmf-dist/tex/context/base/mkii/supp-pdf.mkii
[Loading MPS to PDF converter (version 2006.09.02).]
\scratchcounter=\count100
\scratchdimen=\dimen114
\scratchbox=\box28
\nofMPsegments=\count101
\nofMParguments=\count102
\everyMPshowfont=\toks21
\MPscratchCnt=\count103
\MPscratchDim=\dimen115
\MPnumerator=\count104
\makeMPintoPDFobject=\count105
\everyMPtoPDFconversion=\toks22
) (/usr/share/texlive/texmf-dist/tex/latex/oberdiek/epstopdf-base.sty
Package: epstopdf-base 2016/05/15 v2.6 Base part for package epstopdf

(/usr/share/texlive/texmf-dist/tex/generic/oberdiek/infwarerr.sty
Package: infwarerr 2016/05/16 v1.4 Providing info/warning/error messages (HO)
)
(/usr/share/texlive/texmf-dist/tex/latex/oberdiek/grfext.sty
Package: grfext 2016/05/16 v1.2 Manage graphics extensions (HO)

(/usr/share/texlive/texmf-dist/tex/generic/oberdiek/kvdefinekeys.sty
Package: kvdefinekeys 2016/05/16 v1.4 Define keys (HO)

(/usr/share/texlive/texmf-dist/tex/generic/oberdiek/ltxcmds.sty
Package: ltxcmds 2016/05/16 v1.23 LaTeX kernel commands for general use (HO)
)))
(/usr/share/texlive/texmf-dist/tex/latex/oberdiek/kvoptions.sty
Package: kvoptions 2016/05/16 v3.12 Key value format for package options (HO)

(/usr/share/texlive/texmf-dist/tex/generic/oberdiek/kvsetkeys.sty
Package: kvsetkeys 2016/05/16 v1.17 Key value parser (HO)

(/usr/share/texlive/texmf-dist/tex/generic/oberdiek/etexcmds.sty
Package: etexcmds 2016/05/16 v1.6 Avoid name clashes with e-TeX commands (HO)

(/usr/share/texlive/texmf-dist/tex/generic/oberdiek/ifluatex.sty
Package: ifluatex 2016/05/16 v1.4 Provides the ifluatex switch (HO)
Package ifluatex Info: LuaTeX not detected.
)
Package etexcmds Info: Could not find \expanded.
(etexcmds)             That can mean that you are not using pdfTeX 1.50 or
(etexcmds)             that some package has redefined \expanded.
(etexcmds)             In the latter case, load this package earlier.
)))
(/usr/share/texlive/texmf-dist/tex/generic/oberdiek/pdftexcmds.sty
Package: pdftexcmds 2018/01/21 v0.26 Utility functions of pdfTeX for LuaTeX (HO
)

(/usr/share/texlive/texmf-dist/tex/generic/oberdiek/ifpdf.sty
Package: ifpdf 2017/03/15 v3.2 Provides the ifpdf switch
)
Package pdftexcmds Info: LuaTeX not detected.
Package pdftexcmds Info: \pdf@primitive is available.
Package pdftexcmds Info: \pdf@ifprimitive is available.
Package pdftexcmds Info: \pdfdraftmode found.
)
Package epstopdf-base Info: Redefining graphics rule for `.eps' on input line 4
38.
Package grfext Info: Graphics extension search list:
(grfext)             [.pdf,.png,.jpg,.mps,.jpeg,.jbig2,.jb2,.PDF,.PNG,.JPG,.JPE
G,.JBIG2,.JB2,.eps]
(grfext)             \AppendGraphicsExtensions on input line 456.

(/usr/share/texlive/texmf-dist/tex/latex/latexconfig/epstopdf-sys.cfg
File: epstopdf-sys.cfg 2010/07/13 v1.3 Configuration of (r)epstopdf for TeX Liv
e
))
Package epstopdf Info: Source file: <oxlogo.eps>
(epstopdf)                    date: 2008-04-08 12:42:23
(epstopdf)                    size: 513488 bytes
(epstopdf)             Output file: <oxlogo-eps-converted-to.pdf>
(epstopdf)                    date: 2018-11-25 18:21:55
(epstopdf)                    size: 354881 bytes
(epstopdf)             Command: <repstopdf --outfile=oxlogo-eps-converted-to.pd
f oxlogo.eps>
(epstopdf)             \includegraphics on input line 29.
Package epstopdf Info: Output file is already uptodate.
<oxlogo-eps-converted-to.pdf, id=1, 284.06125pt x 284.06125pt>
File: oxlogo-eps-converted-to.pdf Graphic file (type pdf)
<use oxlogo-eps-converted-to.pdf>
Package pdftex.def Info: oxlogo-eps-converted-to.pdf  used on input line 29.
(pdftex.def)             Requested size: 91.04881pt x 91.04881pt.

[1


{/var/lib/texmf/fonts/map/pdftex/updmap/pdftex.map} <./oxlogo-eps-converted-to.
pdf>]
Chapter 1.
[2

]
Chapter 2.
LaTeX Font Info:    Try loading font information for U+msa on input line 42.
(/usr/share/texlive/texmf-dist/tex/latex/amsfonts/umsa.fd
File: umsa.fd 2013/01/14 v3.01 AMS symbols A
)
LaTeX Font Info:    Try loading font information for U+msb on input line 42.

(/usr/share/texlive/texmf-dist/tex/latex/amsfonts/umsb.fd
File: umsb.fd 2013/01/14 v3.01 AMS symbols B
)
<./images/heatMap.png, id=18, 433.62pt x 289.08pt>
File: ./images/heatMap.png Graphic file (type png)
<use ./images/heatMap.png>
Package pdftex.def Info: ./images/heatMap.png  used on input line 65.
(pdftex.def)             Requested size: 433.63878pt x 289.09251pt.
<./images/heatMapCorrection.png, id=20, 433.62pt x 289.08pt>
File: ./images/heatMapCorrection.png Graphic file (type png)
<use ./images/heatMapCorrection.png>
Package pdftex.def Info: ./images/heatMapCorrection.png  used on input line 73.

(pdftex.def)             Requested size: 433.63878pt x 289.09251pt.
 [3

] [4 <./images/heatMap.png> <./images/heatMapCorrection.png>]
Overfull \hbox (38.76344pt too wide) in paragraph at lines 95--97
[]$\OT1/cmr/m/n/12 + [][] [] [][] \OML/cmm/m/it/12 w[] \OT1/cmr/m/n/12 + [][] [
][] [] [][] 1[]\OML/cmm/m/it/12 w[]$ 
 []

<./images/CoordinateWiseFunction.png, id=35, 433.62pt x 289.08pt>
File: ./images/CoordinateWiseFunction.png Graphic file (type png)
<use ./images/CoordinateWiseFunction.png>
Package pdftex.def Info: ./images/CoordinateWiseFunction.png  used on input lin
e 101.
(pdftex.def)             Requested size: 433.63878pt x 289.09251pt.
[5 <./images/CoordinateWiseFunction.png>]
<./images/LambdaEstimation.png, id=45, 578.16pt x 433.62pt>
File: ./images/LambdaEstimation.png Graphic file (type png)
<use ./images/LambdaEstimation.png>
Package pdftex.def Info: ./images/LambdaEstimation.png  used on input line 122.

(pdftex.def)             Requested size: 433.61893pt x 325.2142pt.
<./images/OriginalPlot.png, id=46, 602.25pt x 602.25pt>
File: ./images/OriginalPlot.png Graphic file (type png)
<use ./images/OriginalPlot.png>
Package pdftex.def Info: ./images/OriginalPlot.png  used on input line 139.
(pdftex.def)             Requested size: 433.63805pt x 433.63805pt.
<./images/OptimizationPlot.png, id=47, 602.25pt x 602.25pt>
File: ./images/OptimizationPlot.png Graphic file (type png)
<use ./images/OptimizationPlot.png>
Package pdftex.def Info: ./images/OptimizationPlot.png  used on input line 147.

(pdftex.def)             Requested size: 433.63805pt x 433.63805pt.
 [6 <./images/LambdaEstimation.png>]
[7 <./images/OriginalPlot.png>] [8 <./images/OptimizationPlot.png>]
<./images/OriginalPlotDegreeCorrection.png, id=59, 602.25pt x 602.25pt>
File: ./images/OriginalPlotDegreeCorrection.png Graphic file (type png)
<use ./images/OriginalPlotDegreeCorrection.png>
Package pdftex.def Info: ./images/OriginalPlotDegreeCorrection.png  used on inp
ut line 159.
(pdftex.def)             Requested size: 433.63805pt x 433.63805pt.
<./images/OptimizationPlotDegreeCorrection.png, id=60, 602.25pt x 602.25pt>
File: ./images/OptimizationPlotDegreeCorrection.png Graphic file (type png)
<use ./images/OptimizationPlotDegreeCorrection.png>
Package pdftex.def Info: ./images/OptimizationPlotDegreeCorrection.png  used on
 input line 167.
(pdftex.def)             Requested size: 433.63805pt x 433.63805pt.
 [9]
[10 <./images/OriginalPlotDegreeCorrection.png>] [11 <./images/OptimizationPlot
DegreeCorrection.png>]
Chapter 3.
Missing character: There is no ‚ in font cmr12!
Missing character: There is no Ä in font cmr12!
Missing character: There is no ú in font cmr12!
Missing character: There is no ‚ in font cmr12!
Missing character: There is no Ä in font cmr12!
Missing character: There is no ù in font cmr12!
Missing character: There is no ‚ in font cmr12!
Missing character: There is no Ä in font cmr12!
Missing character: There is no ú in font cmr12!
Missing character: There is no ‚ in font cmr12!
Missing character: There is no Ä in font cmr12!
Missing character: There is no ù in font cmr12!
Missing character: There is no ‚ in font cmr12!
Missing character: There is no Ä in font cmr12!
Missing character: There is no ô in font cmr12!
Missing character: There is no ‚ in font cmr12!
Missing character: There is no Ä in font cmr12!
Missing character: There is no ú in font cmr12!
Missing character: There is no ‚ in font cmr12!
Missing character: There is no Ä in font cmr12!
Missing character: There is no ù in font cmr12!
[12

]
Missing character: There is no ‚ in font cmr12!
Missing character: There is no Ä in font cmr12!
Missing character: There is no ú in font cmr12!
Missing character: There is no ‚ in font cmr12!
Missing character: There is no Ä in font cmr12!
Missing character: There is no ù in font cmr12!
Missing character: There is no ‚ in font cmr12!
Missing character: There is no Ä in font cmr12!
Missing character: There is no ú in font cmr12!
Missing character: There is no ‚ in font cmr12!
Missing character: There is no Ä in font cmr12!
Missing character: There is no ù in font cmr12!

Overfull \hbox (10.82135pt too wide) in paragraph at lines 228--229
[][]
 []

Missing character: There is no Œ in font cmr12!
Missing character: There is no º in font cmr12!
[13]
Missing character: There is no ‚ in font cmr12!
Missing character: There is no Ä in font cmr12!
Missing character: There is no ô in font cmr12!
Missing character: There is no ‚ in font cmr12!
Missing character: There is no Ä in font cmr12!
Missing character: There is no ô in font cmr12!
Missing character: There is no ‚ in font cmr12!
Missing character: There is no Ä in font cmr12!
Missing character: There is no ú in font cmr12!
Missing character: There is no ‚ in font cmr12!
Missing character: There is no Ä in font cmr12!
Missing character: There is no ù in font cmr12!
Missing character: There is no ‚ in font cmr12!
Missing character: There is no Ä in font cmr12!
Missing character: There is no ú in font cmr12!
Missing character: There is no ‚ in font cmr12!
Missing character: There is no Ä in font cmr12!
Missing character: There is no ù in font cmr12!
Missing character: There is no ‚ in font cmr12!
Missing character: There is no Ä in font cmr12!
Missing character: There is no ô in font cmr12!
Missing character: There is no ‚ in font cmr12!
Missing character: There is no Ä in font cmr12!
Missing character: There is no ú in font cmr12!
Missing character: There is no ‚ in font cmr12!
Missing character: There is no Ä in font cmr12!
Missing character: There is no ù in font cmr12!
 [14]
Missing character: There is no Œ in font cmr12!
Missing character: There is no ∏ in font cmr12!
Missing character: There is no Œ in font cmr12!
Missing character: There is no ∏ in font cmr12!
Missing character: There is no ‚ in font cmr12!
Missing character: There is no Ä in font cmr12!
Missing character: There is no ì in font cmr12!
Missing character: There is no ‚ in font cmr12!
Missing character: There is no à in font cmr12!
Missing character: There is no à in font cmr12!
Missing character: There is no Œ in font cmr12!
Missing character: There is no º in font cmr12!
Missing character: There is no ‚ in font cmr12!
Missing character: There is no Ä in font cmr12!
Missing character: There is no ì in font cmr12!
Missing character: There is no ‚ in font cmr12!
Missing character: There is no Ä in font cmr12!
Missing character: There is no ô in font cmr12!
Missing character: There is no ‚ in font cmr12!
Missing character: There is no Ä in font cmr12!
Missing character: There is no ô in font cmr12!
Missing character: There is no ‚ in font cmr12!
Missing character: There is no Ä in font cmr12!
Missing character: There is no ô in font cmr12!
 [15]
Chapter 4.
<./images/LambdaEstimationFixedPrior.png, id=85, 433.62pt x 289.08pt>
File: ./images/LambdaEstimationFixedPrior.png Graphic file (type png)
<use ./images/LambdaEstimationFixedPrior.png>
Package pdftex.def Info: ./images/LambdaEstimationFixedPrior.png  used on input
 line 329.
(pdftex.def)             Requested size: 433.63878pt x 289.09251pt.
<./images/OriginalPlotFixedPrior.png, id=86, 602.25pt x 602.25pt>
File: ./images/OriginalPlotFixedPrior.png Graphic file (type png)
<use ./images/OriginalPlotFixedPrior.png>
Package pdftex.def Info: ./images/OriginalPlotFixedPrior.png  used on input lin
e 337.
(pdftex.def)             Requested size: 433.63805pt x 433.63805pt.
<./images/OptimizationPlotFixedPrior.png, id=87, 602.25pt x 602.25pt>
File: ./images/OptimizationPlotFixedPrior.png Graphic file (type png)
<use ./images/OptimizationPlotFixedPrior.png>
Package pdftex.def Info: ./images/OptimizationPlotFixedPrior.png  used on input
 line 345.
(pdftex.def)             Requested size: 433.63805pt x 433.63805pt.
<./images/SimulationGap.png, id=88, 578.16pt x 433.62pt>
File: ./images/SimulationGap.png Graphic file (type png)
<use ./images/SimulationGap.png>
Package pdftex.def Info: ./images/SimulationGap.png  used on input line 355.
(pdftex.def)             Requested size: 433.61893pt x 325.2142pt.
[16

] [17 <./images/LambdaEstimationFixedPrior.png>] [18 <./images/OriginalPlotFixe
dPrior.png>] [19 <./images/OptimizationPlotFixedPrior.png>] [20 <./images/Simul
ationGap.png>]
Chapter 5.
Missing character: There is no ‚ in font cmbx12!
Missing character: There is no Ä in font cmbx12!
Missing character: There is no ô in font cmbx12!
<./images/OptimizationPlotSam.png, id=107, 602.25pt x 602.25pt>
File: ./images/OptimizationPlotSam.png Graphic file (type png)
<use ./images/OptimizationPlotSam.png>
Package pdftex.def Info: ./images/OptimizationPlotSam.png  used on input line 3
78.
(pdftex.def)             Requested size: 433.63805pt x 433.63805pt.
[21

] [22 <./images/OptimizationPlotSam.png>] (./Report.aux) ) 
Here is how much of TeX's memory you used:
 2572 strings out of 494923
 34890 string characters out of 6180741
 90287 words of memory out of 5000000
 5818 multiletter control sequences out of 15000+600000
 14873 words of font info for 55 fonts, out of 8000000 for 9000
 14 hyphenation exceptions out of 8191
 41i,8n,26p,1020b,253s stack positions out of 5000i,500n,10000p,200000b,80000s
</usr/share/texlive/t
exmf-dist/fonts/type1/public/amsfonts/cm/cmbx12.pfb></usr/share/texlive/texmf-d
ist/fonts/type1/public/amsfonts/cm/cmex10.pfb></usr/share/texlive/texmf-dist/fo
nts/type1/public/amsfonts/cmextra/cmex8.pfb></usr/share/texlive/texmf-dist/font
s/type1/public/amsfonts/cm/cmmi12.pfb></usr/share/texlive/texmf-dist/fonts/type
1/public/amsfonts/cm/cmmi6.pfb></usr/share/texlive/texmf-dist/fonts/type1/publi
c/amsfonts/cm/cmmi8.pfb></usr/share/texlive/texmf-dist/fonts/type1/public/amsfo
nts/cm/cmmib10.pfb></usr/share/texlive/texmf-dist/fonts/type1/public/amsfonts/c
mextra/cmmib8.pfb></usr/share/texlive/texmf-dist/fonts/type1/public/amsfonts/cm
/cmr12.pfb></usr/share/texlive/texmf-dist/fonts/type1/public/amsfonts/cm/cmr17.
pfb></usr/share/texlive/texmf-dist/fonts/type1/public/amsfonts/cm/cmr6.pfb></us
r/share/texlive/texmf-dist/fonts/type1/public/amsfonts/cm/cmr8.pfb></usr/share/
texlive/texmf-dist/fonts/type1/public/amsfonts/cm/cmsy10.pfb></usr/share/texliv
e/texmf-dist/fonts/type1/public/amsfonts/cm/cmsy6.pfb></usr/share/texlive/texmf
-dist/fonts/type1/public/amsfonts/cm/cmsy8.pfb></usr/share/texlive/texmf-dist/f
onts/type1/public/amsfonts/cm/cmti12.pfb></usr/share/texlive/texmf-dist/fonts/t
ype1/public/amsfonts/symbols/msbm10.pfb>
Output written on Report.pdf (22 pages, 1188235 bytes).
PDF statistics:
 169 PDF objects out of 1000 (max. 8388607)
 105 compressed objects within 2 object streams
 0 named destinations out of 1000 (max. 500000)
 71 words of extra memory for PDF output out of 10000 (max. 10000000)

