This is pdfTeX, Version 3.14159265-2.6-1.40.18 (TeX Live 2017/Debian) (preloaded format=latex 2018.11.25)  3 DEC 2018 13:37
entering extended mode
 restricted \write18 enabled.
 %&-line parsing enabled.
**bbm.ins
(./bbm.ins
LaTeX2e <2017-04-15>
Babel <3.18> and hyphenation patterns for 3 language(s) loaded.
(/usr/share/texlive/texmf-dist/tex/latex/base/docstrip.tex
\blockLevel=\count79
\emptyLines=\count80
\processedLines=\count81
\commentsRemoved=\count82
\commentsPassed=\count83
\codeLinesPassed=\count84
\TotalprocessedLines=\count85
\TotalcommentsRemoved=\count86
\TotalcommentsPassed=\count87
\TotalcodeLinesPassed=\count88
\NumberOfFiles=\count89
\inFile=\read1
\inputcheck=\read2
\off@0=\count90
\off@1=\count91
\off@2=\count92
\off@3=\count93
\off@4=\count94
\off@5=\count95
\off@6=\count96
\off@7=\count97
\off@8=\count98
\off@9=\count99
\off@10=\count100
\off@11=\count101
\off@12=\count102
\off@13=\count103
\off@14=\count104
\off@15=\count105
\@maxfiles=\count106
\@maxoutfiles=\count107

Utility: `docstrip' 2.5e <2014/09/29>
English documentation    <2017/03/13>

**********************************************************
* This program converts documented macro-files into fast *
* loadable files by stripping off (nearly) all comments! *
**********************************************************

********************************************************
* No Configuration file found, using default settings. *
********************************************************

(./bbm.ins

Generating file(s) ./bbm.sty 
\openout0 = `./bbm.sty'.


Processing file bbm.dtx (package) -> bbm.sty
File bbm.dtx ended by \endinput.
Lines  processed: 272
Comments removed: 180
Comments  passed: 15
Codelines passed: 67


Generating file(s) ./ubbm.fd 
\openout0 = `./ubbm.fd'.


Processing file bbm.dtx (bbm) -> ubbm.fd
File bbm.dtx ended by \endinput.
Lines  processed: 272
Comments removed: 180
Comments  passed: 15
Codelines passed: 67


Generating file(s) ./ubbmss.fd 
\openout0 = `./ubbmss.fd'.


Processing file bbm.dtx (bbmss) -> ubbmss.fd
File bbm.dtx ended by \endinput.
Lines  processed: 272
Comments removed: 180
Comments  passed: 15
Codelines passed: 67


Generating file(s) ./ubbmtt.fd 
\openout0 = `./ubbmtt.fd'.


Processing file bbm.dtx (bbmtt) -> ubbmtt.fd
File bbm.dtx ended by \endinput.
Lines  processed: 272
Comments removed: 180
Comments  passed: 15
Codelines passed: 67


Generating file(s) ./bbm.drv 
\openout0 = `./bbm.drv'.


Processing file bbm.dtx (driver) -> bbm.drv
File bbm.dtx ended by \endinput.
Lines  processed: 272
Comments removed: 180
Comments  passed: 15
Codelines passed: 67

)
Overall statistics:
Files  processed: 5
Lines  processed: 1360
Comments removed: 900
Comments  passed: 75
Codelines passed: 335
 ) ) 
Here is how much of TeX's memory you used:
 348 strings out of 494924
 3437 string characters out of 6180767
 53085 words of memory out of 5000000
 3752 multiletter control sequences out of 15000+600000
 3640 words of font info for 14 fonts, out of 8000000 for 9000
 14 hyphenation exceptions out of 8191
 16i,0n,18p,196b,129s stack positions out of 5000i,500n,10000p,200000b,80000s

No pages of output.
